I[2020-04-21|00:24:55.847] starting ABCI with Tendermint                module=main 
I[2020-04-21|00:27:00.042] Executed block                               module=state height=1 validTxs=0 invalidTxs=0
I[2020-04-21|00:27:00.047] Updates to validators                        module=state updates=E51047EE882E7E9221A95144983F53B0D1CB4821:1
I[2020-04-21|00:27:00.064] Committed state                              module=state height=1 txs=0 appHash=2B79594E299D394B06025420FF24F84F2441BE05B532F290B31E051E3ED9AAE2
I[2020-04-21|00:27:05.067] Executed block                               module=state height=2 validTxs=0 invalidTxs=0
I[2020-04-21|00:27:05.069] Committed state                              module=state height=2 txs=0 appHash=E76F146855805BE94F7867A5D719629B969705E3C0DF6A29A96E594A4F6A0A52
I[2020-04-21|00:27:10.115] Executed block                               module=state height=3 validTxs=0 invalidTxs=0
I[2020-04-21|00:27:10.117] Committed state                              module=state height=3 txs=0 appHash=1C362FC6F35392C2137D447AC81FB7716C8E213D863CB8821078CBE9ED2D2679
I[2020-04-21|00:27:15.135] Executed block                               module=state height=4 validTxs=0 invalidTxs=0
I[2020-04-21|00:27:15.137] Committed state                              module=state height=4 txs=0 appHash=7AAB8E36751B8B16DABD9E1E12BB1AB2CF60089D962467907120A97A92773AF0
I[2020-04-21|00:27:20.176] Executed block                               module=state height=5 validTxs=0 invalidTxs=0
I[2020-04-21|00:27:20.178] Committed state                              module=state height=5 txs=0 appHash=E275214AAC5C3E786D51973527630F4E11650BE874957FF059DA5BC3358D4B88
I[2020-04-21|00:27:25.168] Executed block                               module=state height=6 validTxs=0 invalidTxs=0
I[2020-04-21|00:27:25.171] Committed state                              module=state height=6 txs=0 appHash=E1834B469FA5851537EF0FB33FD4F81DFBFD077D4E86018E3FA9247ED6475C20
I[2020-04-21|00:27:30.190] Executed block                               module=state height=7 validTxs=0 invalidTxs=0
I[2020-04-21|00:27:30.193] Committed state                              module=state height=7 txs=0 appHash=4D89519A0C964EDFCB92229537034096E8FC86165BAD21A0670779E2C6B8F6A0
I[2020-04-21|00:27:35.250] Executed block                               module=state height=8 validTxs=0 invalidTxs=0
I[2020-04-21|00:27:35.252] Committed state                              module=state height=8 txs=0 appHash=0A9A7F6E9CB116ABE3D9A1AC3F9B0208AAAD754B11E36FF85AE27212C982C841
I[2020-04-21|00:27:40.315] Executed block                               module=state height=9 validTxs=0 invalidTxs=0
I[2020-04-21|00:27:40.317] Committed state                              module=state height=9 txs=0 appHash=2C0796654426E3A89A07CFFE9E5E07EAC499ED4DDB4C7F8146CBF55C897B3A69
I[2020-04-21|00:27:45.292] Executed block                               module=state height=10 validTxs=0 invalidTxs=0
I[2020-04-21|00:27:45.295] Committed state                              module=state height=10 txs=0 appHash=3E32569B5731E8B9C62AAB291C82BE6212FB2B4FABCD12EA3E1E980D3415D73E
I[2020-04-21|00:27:50.347] Executed block                               module=state height=11 validTxs=0 invalidTxs=0
I[2020-04-21|00:27:50.349] Committed state                              module=state height=11 txs=0 appHash=B00EE6160B023C719E9CB905916A70FA0929DF5D82F47A9C7DBF157EB38B869A
I[2020-04-21|00:27:55.406] Executed block                               module=state height=12 validTxs=0 invalidTxs=0
I[2020-04-21|00:27:55.408] Committed state                              module=state height=12 txs=0 appHash=34C98BD0A1FC9958E777BD500823416813245EFACA9D1672331674B9E9E8CD05
I[2020-04-21|00:28:00.388] Executed block                               module=state height=13 validTxs=0 invalidTxs=0
I[2020-04-21|00:28:00.390] Committed state                              module=state height=13 txs=0 appHash=9D5F7FAA8E1DB272F46297317FB7472FABA59BBCBE4A13271EBCFDB7085D98D4
I[2020-04-21|00:28:05.438] Executed block                               module=state height=14 validTxs=0 invalidTxs=0
I[2020-04-21|00:28:05.441] Committed state                              module=state height=14 txs=0 appHash=15A5A7469B95DC7453DAD404771348F799D0EFB6BDED730D4BD05003FC749310
I[2020-04-21|00:28:10.474] Executed block                               module=state height=15 validTxs=0 invalidTxs=0
I[2020-04-21|00:28:10.476] Committed state                              module=state height=15 txs=0 appHash=EE0AC51C162BD9B6F69A50B57D27E1FCFD57B12B2DFA39B82CFB9E6229179E50
I[2020-04-21|00:28:15.534] Executed block                               module=state height=16 validTxs=0 invalidTxs=0
I[2020-04-21|00:28:15.537] Committed state                              module=state height=16 txs=0 appHash=83DB593F380EE30FB59908CFA3BC2B7F7BD695C06BE1C2378033822B70233531
I[2020-04-21|00:28:20.535] Executed block                               module=state height=17 validTxs=0 invalidTxs=0
I[2020-04-21|00:28:20.537] Committed state                              module=state height=17 txs=0 appHash=8DF0DBE2F4B30DDB5E3D3E57218B7AE44EAA3DC955564AC6E7A5C311625AF192
I[2020-04-21|00:28:25.588] Executed block                               module=state height=18 validTxs=0 invalidTxs=0
I[2020-04-21|00:28:25.590] Committed state                              module=state height=18 txs=0 appHash=74360D5CE6C76AA473BA8EF35DA599D4FAF803632CC29349CD9F19C4CFED2554
I[2020-04-21|00:28:30.617] Executed block                               module=state height=19 validTxs=0 invalidTxs=0
I[2020-04-21|00:28:30.619] Committed state                              module=state height=19 txs=0 appHash=3795FCF35A28FF0B3B18D0248DBD78AC7744421395A1315137306D6787079E5E
I[2020-04-21|00:28:35.659] Executed block                               module=state height=20 validTxs=0 invalidTxs=0
I[2020-04-21|00:28:35.661] Committed state                              module=state height=20 txs=0 appHash=B8411C2FC273B1310150DCFD0612817D56BD0FDF86758D464FED9AB95CBB8CD7
I[2020-04-21|00:28:40.681] Executed block                               module=state height=21 validTxs=0 invalidTxs=0
I[2020-04-21|00:28:40.683] Committed state                              module=state height=21 txs=0 appHash=F8DBC52ADA92423733E8C0D8999BD4B63B35B769CC08877EEC0E25A024AE71A9
I[2020-04-21|00:28:45.696] Executed block                               module=state height=22 validTxs=0 invalidTxs=0
I[2020-04-21|00:28:45.698] Committed state                              module=state height=22 txs=0 appHash=7901579472A804C16BB789CDF6AFF2F4E15A86AAFF36D4193FE21E30555D7B43
I[2020-04-21|00:28:50.739] Executed block                               module=state height=23 validTxs=0 invalidTxs=0
I[2020-04-21|00:28:50.741] Committed state                              module=state height=23 txs=0 appHash=168BAA93ED4E93CC0E357C94EBBCE27E58AD054AEE5E430D492F1B57635C45CA
I[2020-04-21|00:28:55.747] Executed block                               module=state height=24 validTxs=0 invalidTxs=0
I[2020-04-21|00:28:55.750] Committed state                              module=state height=24 txs=0 appHash=D704ABCEA7494546818667244FBB13A3380D27794CE414CB7AF0DC0834598CD2
I[2020-04-21|00:29:00.841] Executed block                               module=state height=25 validTxs=0 invalidTxs=0
I[2020-04-21|00:29:00.843] Committed state                              module=state height=25 txs=0 appHash=3242D8EE67D6634FB4E0D9F7AA069E595C2E3A167E721E208FE11E76A3CDD171
I[2020-04-21|00:29:05.827] Executed block                               module=state height=26 validTxs=0 invalidTxs=0
I[2020-04-21|00:29:05.829] Committed state                              module=state height=26 txs=0 appHash=0894644537171B4D103BE73A54F58F60870DF37C33C5CE917780AC2EA95DE420
I[2020-04-21|00:29:10.852] Executed block                               module=state height=27 validTxs=0 invalidTxs=0
I[2020-04-21|00:29:10.854] Committed state                              module=state height=27 txs=0 appHash=A4034B1A1D06934ECA129F08271C14B026AC3D683ED1D3B4E0A98EC722CF5E47
I[2020-04-21|00:29:15.879] Executed block                               module=state height=28 validTxs=0 invalidTxs=0
I[2020-04-21|00:29:15.882] Committed state                              module=state height=28 txs=0 appHash=23A4089BCF6585A9CA04D011425A5807D04D5B42204CDA9949CAAA66BBF691C0
I[2020-04-21|00:29:20.909] Executed block                               module=state height=29 validTxs=0 invalidTxs=0
I[2020-04-21|00:29:20.911] Committed state                              module=state height=29 txs=0 appHash=2A9E87372872766EFE1321AF99FDA2E9D755A8D67FE0D2B8A4E1A460C2424BE5
I[2020-04-21|00:29:25.947] Executed block                               module=state height=30 validTxs=0 invalidTxs=0
I[2020-04-21|00:29:25.949] Committed state                              module=state height=30 txs=0 appHash=12DF4B2325CD90489532A532DF9C64088756ACC65749B49781D51984CC75DB2F
I[2020-04-21|00:29:30.998] Executed block                               module=state height=31 validTxs=0 invalidTxs=0
I[2020-04-21|00:29:31.000] Committed state                              module=state height=31 txs=0 appHash=C88217CED40D4DE26BF89D43D5AE74DBC63C45CFB6D2FA6083D61ADFEF250030
I[2020-04-21|00:29:36.016] Executed block                               module=state height=32 validTxs=0 invalidTxs=0
I[2020-04-21|00:29:36.019] Committed state                              module=state height=32 txs=0 appHash=34A68CA51125C561E52B1A37DEB8C98AD2931122BDEF9A8C5E9985691E861165
I[2020-04-21|00:29:41.037] Executed block                               module=state height=33 validTxs=0 invalidTxs=0
I[2020-04-21|00:29:41.039] Committed state                              module=state height=33 txs=0 appHash=5D7ECE882B2903C10C2FFC6882B0286D3009B8F0CD5C7B44B0212C2677A1A9D3
I[2020-04-21|00:29:46.073] Executed block                               module=state height=34 validTxs=0 invalidTxs=0
I[2020-04-21|00:29:46.075] Committed state                              module=state height=34 txs=0 appHash=9F6C28EFC8B4DF481AF1AF6735B217B8129639A0A0F1CC23506D0B3E3DC8AFF1
I[2020-04-21|00:29:51.098] Executed block                               module=state height=35 validTxs=0 invalidTxs=0
I[2020-04-21|00:29:51.100] Committed state                              module=state height=35 txs=0 appHash=E3A4A7F26704284A1ED51C3F6B4B3DACE43E004494FA87C58AA6853327D52777
I[2020-04-21|00:29:56.120] Executed block                               module=state height=36 validTxs=0 invalidTxs=0
I[2020-04-21|00:29:56.122] Committed state                              module=state height=36 txs=0 appHash=09B2515720922D4B9E43A820D96CDA9023D483B10763CAEE37094DB5747AE443
I[2020-04-21|00:30:01.173] Executed block                               module=state height=37 validTxs=0 invalidTxs=0
I[2020-04-21|00:30:01.175] Committed state                              module=state height=37 txs=0 appHash=F3A683FFB9FAFD0F69642F2BE9A6D2EEB396447D53B4241EFBD1BBDF42C28209
I[2020-04-21|00:30:06.196] Executed block                               module=state height=38 validTxs=0 invalidTxs=0
I[2020-04-21|00:30:06.199] Committed state                              module=state height=38 txs=0 appHash=3145537B7810DC82D1937569152AEC49D1C202246248151421B5028F0C33555D
I[2020-04-21|00:30:11.235] Executed block                               module=state height=39 validTxs=0 invalidTxs=0
I[2020-04-21|00:30:11.237] Committed state                              module=state height=39 txs=0 appHash=AAEC080DC65674A560EF5A2C29BA0F912D18D339D3137DD7E8C96CDA27870CE7
I[2020-04-21|00:30:16.310] Executed block                               module=state height=40 validTxs=0 invalidTxs=0
I[2020-04-21|00:30:16.312] Committed state                              module=state height=40 txs=0 appHash=D7514D9A77B717982D62F6F8EEEBA6B8FC4F31FFBA463E2992770C9D824C511B
I[2020-04-21|00:30:21.289] Executed block                               module=state height=41 validTxs=0 invalidTxs=0
I[2020-04-21|00:30:21.291] Committed state                              module=state height=41 txs=0 appHash=03543EE75DB0E8C2D5247B964FCC2CD42DFEDDD436859AE0D74794ED4DE03830
I[2020-04-21|00:30:26.346] Executed block                               module=state height=42 validTxs=0 invalidTxs=0
I[2020-04-21|00:30:26.349] Committed state                              module=state height=42 txs=0 appHash=297BEA7C8D9605F81D10F8CD1C112BC7BF21948E125807852A4B00E653907996
I[2020-04-21|00:30:31.376] Executed block                               module=state height=43 validTxs=0 invalidTxs=0
I[2020-04-21|00:30:31.378] Committed state                              module=state height=43 txs=0 appHash=395539719EA2446C9C3B550107EE80F8F2A9ED7B0E6EC9194BEE906C36E77303
I[2020-04-21|00:30:36.416] Executed block                               module=state height=44 validTxs=0 invalidTxs=0
I[2020-04-21|00:30:36.418] Committed state                              module=state height=44 txs=0 appHash=F485A35E2C97C851ED96D10C3B4CDB539AEDFA09D4E848B21AA0B36B1335542F
I[2020-04-21|00:30:41.436] Executed block                               module=state height=45 validTxs=0 invalidTxs=0
I[2020-04-21|00:30:41.439] Committed state                              module=state height=45 txs=0 appHash=F00106D774B0CCDCB823EF19C60FC449773EDE5F1F4625441F1F44CF866FAE87
I[2020-04-21|00:30:46.487] Executed block                               module=state height=46 validTxs=0 invalidTxs=0
I[2020-04-21|00:30:46.489] Committed state                              module=state height=46 txs=0 appHash=5CD6D9E1146B77E6231D29B36C587CC7BA8550A080EB6866A2DBC9DAE0EC1272
I[2020-04-21|00:30:51.516] Executed block                               module=state height=47 validTxs=0 invalidTxs=0
I[2020-04-21|00:30:51.518] Committed state                              module=state height=47 txs=0 appHash=8BF2C6F8C09B85C8386358A7B6CDF7B63D3E821019FA0498D619A169F531DFB0
I[2020-04-21|00:30:56.556] Executed block                               module=state height=48 validTxs=0 invalidTxs=0
I[2020-04-21|00:30:56.558] Committed state                              module=state height=48 txs=0 appHash=7C16EB76B5C926136705175CB86FB505D158406C104B2A1B0DC6FEC106DEFBEE
I[2020-04-21|00:31:01.586] Executed block                               module=state height=49 validTxs=0 invalidTxs=0
I[2020-04-21|00:31:01.588] Committed state                              module=state height=49 txs=0 appHash=337202308570477EBE5277D7DED36674B9DF3DAA67479B3A0E3221A950601ED1
I[2020-04-21|00:31:06.625] Executed block                               module=state height=50 validTxs=0 invalidTxs=0
I[2020-04-21|00:31:06.627] Committed state                              module=state height=50 txs=0 appHash=8BC17855533B19EB3A6ACA882F4640C2418048ECCFB8AF48DE38C9353CBBBB5D
I[2020-04-21|00:31:11.660] Executed block                               module=state height=51 validTxs=0 invalidTxs=0
I[2020-04-21|00:31:11.662] Committed state                              module=state height=51 txs=0 appHash=F91E638C63CCAAAF7EC8D414191D7AFA0F78C0EB1E5E9E6DFABBB89A88FAB65E
I[2020-04-21|00:31:16.649] Executed block                               module=state height=52 validTxs=0 invalidTxs=0
I[2020-04-21|00:31:16.651] Committed state                              module=state height=52 txs=0 appHash=E449350B7CE1A8BA0815E05297F369474A7079DC122A59938A2D5BD4BBCC8A9B
I[2020-04-21|00:31:21.729] Executed block                               module=state height=53 validTxs=0 invalidTxs=0
I[2020-04-21|00:31:21.731] Committed state                              module=state height=53 txs=0 appHash=DD19CBAE737B4303B1C7766A9B84A8BF51776B586B5D2A3F3ED7C2452533C686
I[2020-04-21|00:31:26.721] Executed block                               module=state height=54 validTxs=0 invalidTxs=0
I[2020-04-21|00:31:26.723] Committed state                              module=state height=54 txs=0 appHash=3E0AB10B6DBB9460937E5EBCB9937F2A490FAEE67D157B9FF2B7CFF8EAFC31DE
I[2020-04-21|00:31:31.754] Executed block                               module=state height=55 validTxs=0 invalidTxs=0
I[2020-04-21|00:31:31.757] Committed state                              module=state height=55 txs=0 appHash=D0D3A0F46753D94BD0568F9B8F52941BA9BC6E8401CA9ED537BF9C533DAAD461
I[2020-04-21|00:31:36.780] Executed block                               module=state height=56 validTxs=0 invalidTxs=0
I[2020-04-21|00:31:36.782] Committed state                              module=state height=56 txs=0 appHash=553F0E2EBF266584747695C1262731EF2ACDA6053DF8F9809C981C3982455267
I[2020-04-21|00:31:41.834] Executed block                               module=state height=57 validTxs=0 invalidTxs=0
I[2020-04-21|00:31:41.836] Committed state                              module=state height=57 txs=0 appHash=A2C84DD93D36DA180CD245C6CB9505B049FDCC83CFF6E73F67F15706C014CF91
I[2020-04-21|00:31:46.863] Executed block                               module=state height=58 validTxs=0 invalidTxs=0
I[2020-04-21|00:31:46.865] Committed state                              module=state height=58 txs=0 appHash=3FD59054E03CDD53EE6BF6E15167D9A2DA8B42C5D0239436FE9C4AE126450034
I[2020-04-21|00:31:51.902] Executed block                               module=state height=59 validTxs=0 invalidTxs=0
I[2020-04-21|00:31:51.904] Committed state                              module=state height=59 txs=0 appHash=BF0ACB67EDBDCC4E418F4646F9B56B26D601F764D4741917073FF9500BC21ABC
I[2020-04-21|00:31:56.904] Executed block                               module=state height=60 validTxs=0 invalidTxs=0
I[2020-04-21|00:31:56.906] Committed state                              module=state height=60 txs=0 appHash=5DC565240AB0AD3AF3AC5E86B45AF9FDD0D01A1E1B419B2D753AA5CB8F968213
I[2020-04-21|00:32:01.954] Executed block                               module=state height=61 validTxs=0 invalidTxs=0
I[2020-04-21|00:32:01.956] Committed state                              module=state height=61 txs=0 appHash=4160C1E51B26EABACFA29958E10DC203C5FD8DD0C7C6501813B896374FF58B65
I[2020-04-21|00:32:06.988] Executed block                               module=state height=62 validTxs=0 invalidTxs=0
I[2020-04-21|00:32:06.990] Committed state                              module=state height=62 txs=0 appHash=F847C520CEF843359A5362215D9BCF77133F5A5B2F5F18727637956EF59E80C9
I[2020-04-21|00:32:11.995] Executed block                               module=state height=63 validTxs=0 invalidTxs=0
I[2020-04-21|00:32:11.997] Committed state                              module=state height=63 txs=0 appHash=151391EBBB010ECB42F81D0AD80F5681C722821BE320859851B302500D5D1663
I[2020-04-21|00:32:17.043] Executed block                               module=state height=64 validTxs=0 invalidTxs=0
I[2020-04-21|00:32:17.045] Committed state                              module=state height=64 txs=0 appHash=A11FD61DE5C29FFFBD848F9784035CF5951F0AC8051B51B3969B50AE4FB16153
I[2020-04-21|00:32:22.081] Executed block                               module=state height=65 validTxs=0 invalidTxs=0
I[2020-04-21|00:32:22.084] Committed state                              module=state height=65 txs=0 appHash=80AF3673ADD269D9B167E7DEDF233F0CA9A2BE0C952DF1AA5C2D7022FB8AFBEA
I[2020-04-21|00:32:27.107] Executed block                               module=state height=66 validTxs=0 invalidTxs=0
I[2020-04-21|00:32:27.110] Committed state                              module=state height=66 txs=0 appHash=724A9F5B2C5118854D277461FE8AD44479E41A585727A0BBA60A37993D4E452D
I[2020-04-21|00:32:32.148] Executed block                               module=state height=67 validTxs=0 invalidTxs=0
I[2020-04-21|00:32:32.150] Committed state                              module=state height=67 txs=0 appHash=54B3BA2CFACEC3B823320F3480F5BF5C4B297E8FD04BE38056F738D4635FDC9E
I[2020-04-21|00:32:37.159] Executed block                               module=state height=68 validTxs=0 invalidTxs=0
I[2020-04-21|00:32:37.161] Committed state                              module=state height=68 txs=0 appHash=710628AC69B11DFB76F04AA62B3ED8F6D5BFB620DBE4852083812CA2DCA22570
I[2020-04-21|00:32:42.222] Executed block                               module=state height=69 validTxs=0 invalidTxs=0
I[2020-04-21|00:32:42.224] Committed state                              module=state height=69 txs=0 appHash=564E146B5262160B9E3B507E74D8AD30AB997F8E99FAB2D64FD6EFB4408DAEC4
I[2020-04-21|00:32:47.233] Executed block                               module=state height=70 validTxs=0 invalidTxs=0
I[2020-04-21|00:32:47.235] Committed state                              module=state height=70 txs=0 appHash=E87D81877BF5373CD980EDC942DF1DEB7045B35192BFE408D139DF5709F9C150
I[2020-04-21|00:32:52.237] Executed block                               module=state height=71 validTxs=0 invalidTxs=0
I[2020-04-21|00:32:52.239] Committed state                              module=state height=71 txs=0 appHash=FF89C97281D23C95D52D1EADD1AF28F8DB16F95E138739B66658866B12A0FC78
I[2020-04-21|00:32:57.320] Executed block                               module=state height=72 validTxs=0 invalidTxs=0
I[2020-04-21|00:32:57.322] Committed state                              module=state height=72 txs=0 appHash=D36C11D6FCB3BD8AF9FE2D76B6FA2F81377CE4AE830EC7B06F6C1FF326CF4A14
